Content-Type: multipart/alternative;
 boundary="===============4056127332169080045=="
MIME-Version: 1.0
Subject: 
 =?utf-8?b?0J3QvtCy0LDRjyDRgdGC0LDRgtGM0Y8g0L7RgiDQsNCy0YLQvtGA0LAgbWFyaWFf?=
 =?utf-8?b?YnJpYw==?=
From: gaidysheff@yandex.ru
To: gaidysheff@mail.ru, maria_bric
Date: Thu, 20 Apr 2023 08:53:39 -0000
Message-ID: <168198081939.9896.1960080989150733652@GAMEPC>

--===============4056127332169080045==
Content-Type: text/html; charset="utf-8"
MIME-Version: 1.0
Content-Transfer-Encoding: 8bit

<!DOCTYPE html>
<html lang="en">
  <head>
    <meta charset="UTF-8" />
    <meta name="viewport" content="width=device-width, initial-scale=1.0" />
    <title>Новость</title>
  </head>
  <body>
    <h1>
      Новая статья "Check it out"" от автора maria_bric опубликована
      20 апреля 2023 г. 11:53 в категории "Экономика".
    </h1>
    <p>Давно выяснено, что при оценке дизайна и композиции читаемый текст мешает сосредоточиться. Lorem Ip…</p>

    <p>
      <a href="http://127.0.0.1:8000/post/check-it-out/"
        >Перейти на статью</a
      >
    </p>
  </body>
</html>

--===============4056127332169080045==--

-------------------------------------------------------------------------------
