Content-Type: multipart/alternative;
 boundary="===============4873086204916010082=="
MIME-Version: 1.0
Subject: 
 =?utf-8?b?0J3QvtCy0LDRjyDRgdGC0LDRgtGM0Y8g0L7RgiDQsNCy0YLQvtGA0LAgbWFyaWFf?=
 =?utf-8?b?YnJpYw==?=
From: gaidysheff@yandex.ru
To: gaidysheff@mail.ru, user10
Date: Thu, 20 Apr 2023 07:56:32 -0000
Message-ID: <168197739244.9896.15204839678857254819@GAMEPC>

--===============4873086204916010082==
Content-Type: text/html; charset="utf-8"
MIME-Version: 1.0
Content-Transfer-Encoding: 8bit

<!DOCTYPE html>
<html lang="en">
  <head>
    <meta charset="UTF-8" />
    <meta name="viewport" content="width=device-width, initial-scale=1.0" />
    <title>Новость</title>
  </head>
  <body>
    <h1>
      Новая статья от автора user10 из категории { post.postCategory}
      { post.categoryType} + { post.dateCreation} + { post.title} + {
      post.dateCreation}'
    </h1>
    <p></p>

    <p>
      <a href="http://127.0.0.1:8000/post/somethin-something/"
        >Перейти на статью</a
      >
    </p>
  </body>
</html>

--===============4873086204916010082==--

-------------------------------------------------------------------------------
