Content-Type: multipart/alternative;
 boundary="===============6797857991371431319=="
MIME-Version: 1.0
Subject: =?utf-8?b?0KHRgtCw0YLRjNC4INC30LAg0L3QtdC00LXQu9GO?=
From: gaidysheff@yandex.ru
To: gaidysheff@mail.ru, user10@example.com, user7@r66.ru, user9@r50.ru, 
Date: Tue, 25 Apr 2023 11:10:00 -0000
Message-ID: <168242100004.19636.10320641276686359817@GAMEPC>

--===============6797857991371431319==
Content-Type: text/html; charset="utf-8"
MIME-Version: 1.0
Content-Transfer-Encoding: 8bit

<!DOCTYPE html>
<html lang="en">
  <head>
    <meta charset="UTF-8" />
    <meta name="viewport" content="width=device-width, initial-scale=1.0" />
    <title>Статьи за неделю</title>
  </head>
  <body>
    <h1>Здравствуйте! Новые статьи за последнюю неделю</h1>
    <ul>
       В категории: Война новые статьи:
      
      <li>
        <a href="http://127.0.0.1:8000/post/new-second-test/">new Second Test</a>
      </li>
      
      <li>
        <a href="http://127.0.0.1:8000/post/new-test/">new Test</a>
      </li>
       
    </ul>
  </body>
</html>

--===============6797857991371431319==--

-------------------------------------------------------------------------------
