Content-Type: multipart/alternative;
 boundary="===============3239045620624940719=="
MIME-Version: 1.0
Subject: 
 =?utf-8?b?0J3QvtCy0LDRjyDRgdGC0LDRgtGM0Y8g0L7RgiDQsNCy0YLQvtGA0LAgQXV0aG9y?=
 =?utf-8?b?IG9iamVjdCAoMSkg0LjQtyDQutCw0YLQtdCz0L7RgNC40Lgg0JLQvtC50L3QsA==?=
From: gaidysheff@yandex.ru
To: gaidysheff@mail.ru, Author object (1)
Date: Thu, 20 Apr 2023 07:19:55 -0000
Message-ID: <168197519527.12444.17984532961090746506@GAMEPC>

--===============3239045620624940719==
Content-Type: text/html; charset="utf-8"
MIME-Version: 1.0
Content-Transfer-Encoding: 8bit

<!DOCTYPE html>
<html lang="en">
  <head>
    <meta charset="UTF-8" />
    <meta name="viewport" content="width=device-width, initial-scale=1.0" />
    <title>Новость</title>
  </head>
  <body>
    <h1>
      Новая статья от автора Author object (1) из категории {{ post.postCategory
      }}
    </h1>
    <p></p>

    <p>
      <a href="http://127.0.0.1:8000/post/dsafd/"
        >Перейти на статью</a
      >
    </p>
  </body>
</html>

--===============3239045620624940719==--

-------------------------------------------------------------------------------
