Content-Type: multipart/alternative;
 boundary="===============1915834316671171457=="
MIME-Version: 1.0
Subject: 
 =?utf-8?b?0J3QvtCy0LDRjyDRgdGC0LDRgtGM0Y8g0L7RgiDQsNCy0YLQvtGA0LAgbWFyaWFf?=
 =?utf-8?b?YnJpYw==?=
From: gaidysheff@yandex.ru
To: gaidysheff@mail.ru, user10@example.com, user10@example.com,
 admin@example.com, user12@r12.ru, unknown@example.com,
 checkmail7@example.com, checkmail3@example.com, checkmail5@example.com,
 checkmail4@example.com, checkmail2@example.com, checkmail1@example.com, 
Date: Sat, 22 Apr 2023 10:03:42 -0000
Message-ID: <168215782206.16844.882390653985873562@GAMEPC>

--===============1915834316671171457==
Content-Type: text/html; charset="utf-8"
MIME-Version: 1.0
Content-Transfer-Encoding: 8bit

<!DOCTYPE html>
<html lang="en">
  <head>
    <meta charset="UTF-8" />
    <meta name="viewport" content="width=device-width, initial-scale=1.0" />
    <title>Новость</title>
  </head>
  <body>
    <h1>
      Новая статья "Заголовок статьи" от автора user10 опубликована
      22 апреля 2023 г. 13:03 в категории "Экономика".
    </h1>
    <p>None</p>

    <p>
      <a href="http://127.0.0.1:8000/post/asdsadsad/"
        >Перейти на статью</a
      >
    </p>
  </body>
</html>

--===============1915834316671171457==--

-------------------------------------------------------------------------------
