Content-Type: multipart/alternative;
 boundary="===============7700967612345077360=="
MIME-Version: 1.0
Subject: 
 =?utf-8?b?0J3QvtCy0LDRjyDRgdGC0LDRgtGM0Y8g0L7RgiDQsNCy0YLQvtGA0LAgbWFyaWFf?=
 =?utf-8?b?YnJpYw==?=
From: gaidysheff@yandex.ru
To: gaidysheff@mail.ru, maria_bric
Date: Thu, 20 Apr 2023 08:47:20 -0000
Message-ID: <168198044090.9896.2397484663387218478@GAMEPC>

--===============7700967612345077360==
Content-Type: text/html; charset="utf-8"
MIME-Version: 1.0
Content-Transfer-Encoding: 8bit

<!DOCTYPE html>
<html lang="en">
  <head>
    <meta charset="UTF-8" />
    <meta name="viewport" content="width=device-width, initial-scale=1.0" />
    <title>Новость</title>
  </head>
  <body>
    <h1>
      Новая статья от автора maria_bric из категории
      Война + 20 апреля 2023 г. 11:47 + SomethingSomething
    </h1>
    <p></p>

    <p>
      <a href="http://127.0.0.1:8000/post/somethingsomething/"
        >Перейти на статью</a
      >
    </p>
  </body>
</html>

--===============7700967612345077360==--

-------------------------------------------------------------------------------
