Content-Type: multipart/alternative;
 boundary="===============2613261393612672621=="
MIME-Version: 1.0
Subject: 
 =?utf-8?b?0J3QvtCy0LDRjyDRgdGC0LDRgtGM0Y8g0L7RgiDQsNCy0YLQvtGA0LAgbWFyaWFf?=
 =?utf-8?b?YnJpYw==?=
From: gaidysheff@yandex.ru
To: gaidysheff@mail.ru, user10@example.com, user10@example.com,
 admin@example.com, user12@r12.ru, unknown@example.com,
 checkmail7@example.com, checkmail3@example.com, checkmail5@example.com,
 checkmail4@example.com, checkmail2@example.com, checkmail1@example.com, 
Date: Fri, 21 Apr 2023 10:02:24 -0000
Message-ID: <168207134490.5684.4336803787158952076@HOME_PC>

--===============2613261393612672621==
Content-Type: text/html; charset="utf-8"
MIME-Version: 1.0
Content-Transfer-Encoding: 8bit

<!DOCTYPE html>
<html lang="en">
  <head>
    <meta charset="UTF-8" />
    <meta name="viewport" content="width=device-width, initial-scale=1.0" />
    <title>Новость</title>
  </head>
  <body>
    <h1>
      Новая статья "выа выа  ваыа  ывва"" от автора maria_bric опубликована
      21 апреля 2023 г. 13:02 в категории "Война".
    </h1>
    <p>None</p>


  </body>
</html>

--===============2613261393612672621==--

-------------------------------------------------------------------------------
