Content-Type: multipart/alternative;
 boundary="===============3155420918199202853=="
MIME-Version: 1.0
Subject: 
 =?utf-8?b?0J3QvtCy0LDRjyDRgdGC0LDRgtGM0Y8g0L7RgiDQsNCy0YLQvtGA0LAgbWFyaWFf?=
 =?utf-8?b?YnJpYyDQuNC3INC60LDRgtC10LPQvtGA0LjQuCDQktC+0LnQvdCw?=
From: gaidysheff@yandex.ru
To: gaidysheff@mail.ru, user10
Date: Thu, 20 Apr 2023 07:44:46 -0000
Message-ID: <168197668654.8748.1766416077740953589@GAMEPC>

--===============3155420918199202853==
Content-Type: text/html; charset="utf-8"
MIME-Version: 1.0
Content-Transfer-Encoding: 8bit

<!DOCTYPE html>
<html lang="en">
  <head>
    <meta charset="UTF-8" />
    <meta name="viewport" content="width=device-width, initial-scale=1.0" />
    <title>Новость</title>
  </head>
  <body>
    <h1>
      Новая статья от автора user10 из категории {{ post.postCategory
      }}
    </h1>
    <p></p>

    <p>
      <a href="http://127.0.0.1:8000/post/sfdsaf/"
        >Перейти на статью</a
      >
    </p>
  </body>
</html>

--===============3155420918199202853==--

-------------------------------------------------------------------------------
