Content-Type: multipart/alternative;
 boundary="===============2267474957327972963=="
MIME-Version: 1.0
Subject: =?utf-8?b?0KHRgtCw0YLRjNC4INC30LAg0L3QtdC00LXQu9GO?=
From: gaidysheff@yandex.ru
To: gaidysheff@mail.ru, unknown@example.com, checkmail5@example.com,
 user10@example.com, checkmail2@example.com, checkmail7@example.com,
 admin@example.com, user12@r12.ru, checkmail1@example.com,
 checkmail4@example.com, checkmail3@example.com, 
Date: Tue, 25 Apr 2023 17:03:30 -0000
Message-ID: <168244221006.18800.17586959837710221096@GAMEPC>

--===============2267474957327972963==
Content-Type: text/html; charset="utf-8"
MIME-Version: 1.0
Content-Transfer-Encoding: 8bit

<!DOCTYPE html>
<html lang="en">
  <head>
    <meta charset="UTF-8" />
    <meta name="viewport" content="width=device-width, initial-scale=1.0" />
    <title>Статьи за неделю</title>
  </head>
  <body>
    <h1>Здравствуйте! Новые статьи за последнюю неделю</h1>
    <ul>
      
      <li>
        <a href="http://127.0.0.1:8000/post/new-second-test/">new Second Test</a>
      </li>
      
      <li>
        <a href="http://127.0.0.1:8000/post/new-test/">new Test</a>
      </li>
      
    </ul>
  </body>
</html>

--===============2267474957327972963==--

-------------------------------------------------------------------------------
