Content-Type: multipart/alternative;
 boundary="===============8756652954639124053=="
MIME-Version: 1.0
Subject: 
 =?utf-8?b?0J3QvtCy0LDRjyDRgdGC0LDRgtGM0Y8g0L7RgiDQsNCy0YLQvtGA0LAgbWFyaWFf?=
 =?utf-8?b?YnJpYyDQuNC3INC60LDRgtC10LPQvtGA0LjQuCDQktC+0LnQvdCwICsgQVIgKyAy?=
 =?utf-8?b?MDIyLTA3LTA0IDExOjMyOjU4LjIzNDE0MyswMDowMCArINCX0LDRj9Cy0LvQtdC9?=
 =?utf-8?b?0LjRjyDQnNC40L3QvtCx0L7RgNC+0L3RiyDQoNCkICsgMjAyMi0wNy0wNCAxMToz?=
 =?utf-8?b?Mjo1OC4yMzQxNDMrMDA6MDA=?=
From: gaidysheff@yandex.ru
To: gaidysheff@mail.ru, maria_bric
Date: Thu, 20 Apr 2023 07:50:31 -0000
Message-ID: <168197703152.6468.3743695075005018092@GAMEPC>

--===============8756652954639124053==
Content-Type: text/html; charset="utf-8"
MIME-Version: 1.0
Content-Transfer-Encoding: 8bit

<!DOCTYPE html>
<html lang="en">
  <head>
    <meta charset="UTF-8" />
    <meta name="viewport" content="width=device-width, initial-scale=1.0" />
    <title>Новость</title>
  </head>
  <body>
    <h1>
      Новая статья от автора maria_bric из категории {{ post.postCategory
      }}
    </h1>
    <p></p>

    <p>
      <a href="http://127.0.0.1:8000/post/rtytrytrytr/"
        >Перейти на статью</a
      >
    </p>
  </body>
</html>

--===============8756652954639124053==--

-------------------------------------------------------------------------------
