Content-Type: multipart/alternative;
 boundary="===============4896357606407642415=="
MIME-Version: 1.0
Subject: 
 =?utf-8?b?0J3QvtCy0LDRjyDRgdGC0LDRgtGM0Y8g0L7RgiDQsNCy0YLQvtGA0LAgbWFyaWFf?=
 =?utf-8?b?YnJpYw==?=
From: gaidysheff@yandex.ru
To: gaidysheff@mail.ru, maria_bric
Date: Thu, 20 Apr 2023 08:54:54 -0000
Message-ID: <168198089427.9896.7771286095816426052@GAMEPC>

--===============4896357606407642415==
Content-Type: text/html; charset="utf-8"
MIME-Version: 1.0
Content-Transfer-Encoding: 8bit

<!DOCTYPE html>
<html lang="en">
  <head>
    <meta charset="UTF-8" />
    <meta name="viewport" content="width=device-width, initial-scale=1.0" />
    <title>Новость</title>
  </head>
  <body>
    <h1>
      Новая статья "Lorem"" от автора maria_bric опубликована
      20 апреля 2023 г. 11:54 в категории "Финансы".
    </h1>
    <p>Давно выяснено, что при оценке дизайна и композиции читаемый текст мешает сосредоточиться. Lorem Ipsum используют потому, что тот обеспечивает более или менее стандартное заполнение шаблона, а также реальное распределение букв и пробелов в абзацах, которое не получается при простой дубликации &quot;Здесь ваш текст.. Здесь ваш текст.. Здесь ваш текст..&quot; Многие программы электронной вёрстки и редакторы HTML используют Lorem Ipsum в качестве текста по умолчанию, так что поиск по ключевым словам &quot;lorem …</p>

    <p>
      <a href="http://127.0.0.1:8000/post/lorem/"
        >Перейти на статью</a
      >
    </p>
  </body>
</html>

--===============4896357606407642415==--

-------------------------------------------------------------------------------
