Content-Type: multipart/alternative;
 boundary="===============7527714670090395427=="
MIME-Version: 1.0
Subject: 
 =?utf-8?b?0J3QvtCy0LDRjyDRgdGC0LDRgtGM0Y8g0L7RgiDQsNCy0YLQvtGA0LAgbWFyaWFf?=
 =?utf-8?b?YnJpYw==?=
From: gaidysheff@yandex.ru
To: gaidysheff@mail.ru, user7@r66.ru, 
Date: Tue, 25 Apr 2023 18:53:23 -0000
Message-ID: <168244880332.13992.9667092172813260342@GAMEPC>

--===============7527714670090395427==
Content-Type: text/html; charset="utf-8"
MIME-Version: 1.0
Content-Transfer-Encoding: 8bit

<!DOCTYPE html>
<html lang="en">
  <head>
    <meta charset="UTF-8" />
    <meta name="viewport" content="width=device-width, initial-scale=1.0" />
    <title>Новость</title>
  </head>
  <body>
    <h1>
      Новая статья "And again about Sport" от автора user10 опубликована
      25 апреля 2023 г. 21:53 в категории "Спорт".
    </h1>
    <p>And again about Sport And again about Sport And again about Sport And again about Sport</p>

    <p>
      <a href="http://127.0.0.1:8000/post/and-again-about-sport/"
        >Перейти на статью</a
      >
    </p>
  </body>
</html>

--===============7527714670090395427==--

-------------------------------------------------------------------------------
