Content-Type: multipart/alternative;
 boundary="===============5464762467248812050=="
MIME-Version: 1.0
Subject: 
 =?utf-8?b?0J3QvtCy0LDRjyDRgdGC0LDRgtGM0Y8g0L7RgiDQsNCy0YLQvtGA0LAgbWFyaWFf?=
 =?utf-8?b?YnJpYw==?=
From: gaidysheff@yandex.ru
To: gaidysheff@mail.ru, user10@example.com, user10@example.com,
 admin@example.com, user12@r12.ru, unknown@example.com,
 checkmail7@example.com, checkmail3@example.com, checkmail5@example.com,
 checkmail4@example.com, checkmail2@example.com, checkmail1@example.com, 
Date: Tue, 25 Apr 2023 17:56:24 -0000
Message-ID: <168244538480.17400.10949253877717541544@GAMEPC>

--===============5464762467248812050==
Content-Type: text/html; charset="utf-8"
MIME-Version: 1.0
Content-Transfer-Encoding: 8bit

<!DOCTYPE html>
<html lang="en">
  <head>
    <meta charset="UTF-8" />
    <meta name="viewport" content="width=device-width, initial-scale=1.0" />
    <title>Новость</title>
  </head>
  <body>
    <h1>
      Новая статья "Article about War" от автора user10 опубликована
      25 апреля 2023 г. 20:56 в категории "Война".
    </h1>
    <p>Article about WarArticle about WarArticle about WarArticle about WarArticle about WarArticle about WarArticle about War</p>

    <p>
      <a href="http://127.0.0.1:8000/post/article-about-war/"
        >Перейти на статью</a
      >
    </p>
  </body>
</html>

--===============5464762467248812050==--

-------------------------------------------------------------------------------
