Content-Type: multipart/alternative;
 boundary="===============6232803059199178405=="
MIME-Version: 1.0
Subject: 
 =?utf-8?b?0J3QvtCy0LDRjyDRgdGC0LDRgtGM0Y8g0L7RgiDQsNCy0YLQvtGA0LAgbWFyaWFf?=
 =?utf-8?b?YnJpYw==?=
From: gaidysheff@yandex.ru
To: gaidysheff@mail.ru, <QuerySet ['user10@example.com', 'user10@example.com',
 'admin@example.com', 'user12@r12.ru', 'unknown@example.com',
 'checkmail7@example.com', 'checkmail3@example.com', 'checkmail5@example.com',
 'checkmail4@example.com', 'checkmail2@example.com',
 'checkmail1@example.com']>
Date: Fri, 21 Apr 2023 07:14:29 -0000
Message-ID: <168206126927.4244.14493038012820428971@HOME_PC>

--===============6232803059199178405==
Content-Type: text/html; charset="utf-8"
MIME-Version: 1.0
Content-Transfer-Encoding: 8bit

<!DOCTYPE html>
<html lang="en">
  <head>
    <meta charset="UTF-8" />
    <meta name="viewport" content="width=device-width, initial-scale=1.0" />
    <title>Новость</title>
  </head>
  <body>
    <h1>
      Новая статья "fgfgvcvvc"" от автора user10 опубликована
      21 апреля 2023 г. 10:14 в категории "Война".
    </h1>
    <p>None</p>

    <p>
      <a href="http://127.0.0.1:8000/post/fgfgvcvvc/"
        >Перейти на статью</a
      >
    </p>
  </body>
</html>

--===============6232803059199178405==--

-------------------------------------------------------------------------------
