Content-Type: multipart/alternative;
 boundary="===============0902048683215289361=="
MIME-Version: 1.0
Subject: =?utf-8?b?0KHRgtCw0YLRjNC4INC30LAg0L3QtdC00LXQu9GO?=
From: gaidysheff@yandex.ru
To: gaidysheff@mail.ru, user7@r66.ru, user10@example.com, user9@r50.ru, 
Date: Tue, 25 Apr 2023 17:03:30 -0000
Message-ID: <168244221007.18800.6124839359244165232@GAMEPC>

--===============0902048683215289361==
Content-Type: text/html; charset="utf-8"
MIME-Version: 1.0
Content-Transfer-Encoding: 8bit

<!DOCTYPE html>
<html lang="en">
  <head>
    <meta charset="UTF-8" />
    <meta name="viewport" content="width=device-width, initial-scale=1.0" />
    <title>Статьи за неделю</title>
  </head>
  <body>
    <h1>Здравствуйте! Новые статьи за последнюю неделю</h1>
    <ul>
      
      <p>В категории: "Война" новые статьи:</p>
      
      <li>
        <a href="http://127.0.0.1:8000/post/new-second-test/">new Second Test</a>
      </li>
      
      <li>
        <a href="http://127.0.0.1:8000/post/new-test/">new Test</a>
      </li>
       
    </ul>
  </body>
</html>

--===============0902048683215289361==--

-------------------------------------------------------------------------------
