Content-Type: multipart/alternative;
 boundary="===============1963720935531838024=="
MIME-Version: 1.0
Subject: 
 =?utf-8?b?0J3QvtCy0LDRjyDRgdGC0LDRgtGM0Y8g0L7RgiDQsNCy0YLQvtGA0LAgbWFyaWFf?=
 =?utf-8?b?YnJpYw==?=
From: gaidysheff@yandex.ru
To: gaidysheff@mail.ru, user9@r50.ru, 
Date: Tue, 25 Apr 2023 19:04:39 -0000
Message-ID: <168244947992.16200.3378722906867108514@GAMEPC>

--===============1963720935531838024==
Content-Type: text/html; charset="utf-8"
MIME-Version: 1.0
Content-Transfer-Encoding: 8bit

<!DOCTYPE html>
<html lang="en">
  <head>
    <meta charset="UTF-8" />
    <meta name="viewport" content="width=device-width, initial-scale=1.0" />
    <title>Новость</title>
  </head>
  <body>
    <h1>
      Новая статья "Sport-War-Cars" от автора user10 опубликована
      25 апреля 2023 г. 22:04 в категории "Спорт".
    </h1>
    <p>Sport-War-CarsSport-War-CarsSport-War-CarsSport-War-Cars</p>
    <p>
      <a href="http://127.0.0.1:8000/post/sport-war-cars/"
        >Перейти на статью</a
      >
    </p>
  </body>
</html>

--===============1963720935531838024==--

-------------------------------------------------------------------------------
