Content-Type: multipart/alternative;
 boundary="===============6582439937170481510=="
MIME-Version: 1.0
Subject: 
 =?utf-8?b?0J3QvtCy0LDRjyDRgdGC0LDRgtGM0Y8g0L7RgiDQsNCy0YLQvtGA0LAgbWFyaWFf?=
 =?utf-8?b?YnJpYw==?=
From: gaidysheff@yandex.ru
To: gaidysheff@mail.ru, user10@example.com, user7@r66.ru, 
Date: Tue, 25 Apr 2023 18:42:43 -0000
Message-ID: <168244816374.21004.14928914186011895781@GAMEPC>

--===============6582439937170481510==
Content-Type: text/html; charset="utf-8"
MIME-Version: 1.0
Content-Transfer-Encoding: 8bit

<!DOCTYPE html>
<html lang="en">
  <head>
    <meta charset="UTF-8" />
    <meta name="viewport" content="width=device-width, initial-scale=1.0" />
    <title>Новость</title>
  </head>
  <body>
    <h1>
      Новая статья "NEW ECONOMY" от автора maria_bric опубликована
      25 апреля 2023 г. 21:42 в категории "Экономика".
    </h1>
    <p>NEW ECONOMYNEW ECONOMYNEW ECONOMYNEW ECONOMYNEW ECONOMY</p>

    <p>
      <a href="http://127.0.0.1:8000/post/new-economy/"
        >Перейти на статью</a
      >
    </p>
  </body>
</html>

--===============6582439937170481510==--

-------------------------------------------------------------------------------
