Content-Type: multipart/alternative;
 boundary="===============8573317648602009854=="
MIME-Version: 1.0
Subject: 
 =?utf-8?b?0J3QvtCy0LDRjyDRgdGC0LDRgtGM0Y8g0L7RgiDQsNCy0YLQvtGA0LAgbWFyaWFf?=
 =?utf-8?b?YnJpYw==?=
From: gaidysheff@yandex.ru
To: gaidysheff@mail.ru, user10@example.com, user10@example.com,
 admin@example.com, user12@r12.ru, unknown@example.com,
 checkmail7@example.com, checkmail3@example.com, checkmail5@example.com,
 checkmail4@example.com, checkmail2@example.com, checkmail1@example.com, 
Date: Tue, 25 Apr 2023 18:53:23 -0000
Message-ID: <168244880331.13992.9539236543072069340@GAMEPC>

--===============8573317648602009854==
Content-Type: text/html; charset="utf-8"
MIME-Version: 1.0
Content-Transfer-Encoding: 8bit

<!DOCTYPE html>
<html lang="en">
  <head>
    <meta charset="UTF-8" />
    <meta name="viewport" content="width=device-width, initial-scale=1.0" />
    <title>Новость</title>
  </head>
  <body>
    <h1>
      Новая статья "And again about Sport" от автора user10 опубликована
      25 апреля 2023 г. 21:53 в категории "Спорт".
    </h1>
    <p>And again about Sport And again about Sport And again about Sport And again about Sport</p>
    http://127.0.0.1:8000/post/zayavleniya-minoborony-rf
    <p>
      <a href="http://127.0.0.1:8000/post/and-again-about-sport/"
        >Перейти на статью</a
      >
    </p>
  </body>
</html>

--===============8573317648602009854==--

-------------------------------------------------------------------------------
Content-Type: multipart/alternative;
 boundary="===============2638927824492554523=="
MIME-Version: 1.0
Subject: 
 =?utf-8?b?0J3QvtCy0LDRjyDRgdGC0LDRgtGM0Y8g0L7RgiDQsNCy0YLQvtGA0LAgbWFyaWFf?=
 =?utf-8?b?YnJpYw==?=
From: gaidysheff@yandex.ru
To: gaidysheff@mail.ru, user7@r66.ru, user9@r50.ru, 
Date: Tue, 25 Apr 2023 18:53:23 -0000
Message-ID: <168244880332.13992.12901333172404769681@GAMEPC>

--===============2638927824492554523==
Content-Type: text/html; charset="utf-8"
MIME-Version: 1.0
Content-Transfer-Encoding: 8bit

<!DOCTYPE html>
<html lang="en">
  <head>
    <meta charset="UTF-8" />
    <meta name="viewport" content="width=device-width, initial-scale=1.0" />
    <title>Новость</title>
  </head>
  <body>
    <h1>
      Новая статья "And again about Sport" от автора user10 опубликована
      25 апреля 2023 г. 21:53 в категории "Спорт".
    </h1>
    <p>And again about Sport And again about Sport And again about Sport And again about Sport</p>

    <p>
      <a href="http://127.0.0.1:8000/post/and-again-about-sport/"
        >Перейти на статью</a
      >
    </p>
  </body>
</html>

--===============2638927824492554523==--

-------------------------------------------------------------------------------
Content-Type: multipart/alternative;
 boundary="===============4705275324816080341=="
MIME-Version: 1.0
Subject: 
 =?utf-8?b?0J3QvtCy0LDRjyDRgdGC0LDRgtGM0Y8g0L7RgiDQsNCy0YLQvtGA0LAgbWFyaWFf?=
 =?utf-8?b?YnJpYw==?=
From: gaidysheff@yandex.ru
To: gaidysheff@mail.ru, user7@r66.ru, user9@r50.ru, user10@example.com, 
Date: Tue, 25 Apr 2023 18:53:23 -0000
Message-ID: <168244880332.13992.9459737516672901669@GAMEPC>

--===============4705275324816080341==
Content-Type: text/html; charset="utf-8"
MIME-Version: 1.0
Content-Transfer-Encoding: 8bit

<!DOCTYPE html>
<html lang="en">
  <head>
    <meta charset="UTF-8" />
    <meta name="viewport" content="width=device-width, initial-scale=1.0" />
    <title>Новость</title>
  </head>
  <body>
    <h1>
      Новая статья "And again about Sport" от автора user10 опубликована
      25 апреля 2023 г. 21:53 в категории "Спорт".
    </h1>
    <p>And again about Sport And again about Sport And again about Sport And again about Sport</p>

    <p>
      <a href="http://127.0.0.1:8000/post/and-again-about-sport/"
        >Перейти на статью</a
      >
    </p>
  </body>
</html>

--===============4705275324816080341==--

-------------------------------------------------------------------------------
