Content-Type: multipart/alternative;
 boundary="===============8386964570781890711=="
MIME-Version: 1.0
Subject: 
 =?utf-8?b?0J3QvtCy0LDRjyDRgdGC0LDRgtGM0Y8g0L7RgiDQsNCy0YLQvtGA0LAgbWFyaWFf?=
 =?utf-8?b?YnJpYw==?=
From: gaidysheff@yandex.ru
To: gaidysheff@mail.ru, ['user10@example.com', 'user10@example.com',
 'admin@example.com', 'user12@r12.ru', 'unknown@example.com',
 'checkmail7@example.com', 'checkmail3@example.com', 'checkmail5@example.com',
 'checkmail4@example.com', 'checkmail2@example.com', 'checkmail1@example.com']
Date: Fri, 21 Apr 2023 09:20:41 -0000
Message-ID: <168206884169.9796.7986063635443545427@HOME_PC>

--===============8386964570781890711==
Content-Type: text/html; charset="utf-8"
MIME-Version: 1.0
Content-Transfer-Encoding: 8bit

<!DOCTYPE html>
<html lang="en">
  <head>
    <meta charset="UTF-8" />
    <meta name="viewport" content="width=device-width, initial-scale=1.0" />
    <title>Новость</title>
  </head>
  <body>
    <h1>
      Новая статья "cxvcxzv"" от автора maria_bric опубликована
      21 апреля 2023 г. 12:20 в категории "Война".
    </h1>
    <p>None</p>

    <p>
      <a href="http://127.0.0.1:8000/post/cxvcxzv/"
        >Перейти на статью</a
      >
    </p>
  </body>
</html>

--===============8386964570781890711==--

-------------------------------------------------------------------------------
