Content-Type: multipart/alternative;
 boundary="===============2270266536433378823=="
MIME-Version: 1.0
Subject: =?utf-8?b?0KHRgtCw0YLRjNC4INC30LAg0L3QtdC00LXQu9GO?=
From: gaidysheff@yandex.ru
To: gaidysheff@mail.ru, {'checkmail2@example.com', 'checkmail3@example.com',
 'user12@r12.ru', 'checkmail5@example.com', 'checkmail4@example.com',
 'admin@example.com', 'user10@example.com', 'unknown@example.com',
 'checkmail7@example.com', 'checkmail1@example.com'}
Date: Mon, 24 Apr 2023 16:58:00 -0000
Message-ID: <168235548005.6152.6891195633728406474@GAMEPC>

--===============2270266536433378823==
Content-Type: text/html; charset="utf-8"
MIME-Version: 1.0
Content-Transfer-Encoding: 8bit

<!DOCTYPE html>
<html lang="en">
  <head>
    <meta charset="UTF-8" />
    <meta name="viewport" content="width=device-width, initial-scale=1.0" />
    <title>Статьи за неделю</title>
  </head>
  <body>
    <h1>Здравствуйте! Новые статьи за последнюю неделю</h1>
    <ul>
      
    </ul>
    <!-- <a href="http://127.0.0.1:8000"
      >Перейти на статью</a
    > -->
  </body>
</html>

--===============2270266536433378823==--

-------------------------------------------------------------------------------
