Content-Type: multipart/alternative;
 boundary="===============6032347251517561936=="
MIME-Version: 1.0
Subject: 
 =?utf-8?b?0J3QvtCy0LDRjyDRgdGC0LDRgtGM0Y8g0L7RgiDQsNCy0YLQvtGA0LAgbWFyaWFf?=
 =?utf-8?b?YnJpYw==?=
From: gaidysheff@yandex.ru
To: gaidysheff@mail.ru, user9@r50.ru, 
Date: Tue, 25 Apr 2023 18:48:35 -0000
Message-ID: <168244851514.10932.7874169032934950023@GAMEPC>

--===============6032347251517561936==
Content-Type: text/html; charset="utf-8"
MIME-Version: 1.0
Content-Transfer-Encoding: 8bit

<!DOCTYPE html>
<html lang="en">
  <head>
    <meta charset="UTF-8" />
    <meta name="viewport" content="width=device-width, initial-scale=1.0" />
    <title>Новость</title>
  </head>
  <body>
    <h1>
      Новая статья "Finances &amp; Insurance" от автора user10 опубликована
      25 апреля 2023 г. 21:48 в категории "Финансы".
    </h1>
    <p>Finances &amp; Insurance Finances &amp; Insurance Finances &amp; Insurance Finances &amp; Insurance Finances &amp; Insurance Finances &amp; Insurance</p>

    <p>
      <a href="http://127.0.0.1:8000/post/finances-insurance/"
        >Перейти на статью</a
      >
    </p>
  </body>
</html>

--===============6032347251517561936==--

-------------------------------------------------------------------------------
