Content-Type: multipart/alternative;
 boundary="===============2869732698698625992=="
MIME-Version: 1.0
Subject: =?utf-8?b?0KHRgtCw0YLRjNC4INC30LAg0L3QtdC00LXQu9GO?=
From: gaidysheff@yandex.ru
To: gaidysheff@mail.ru, checkmail7@example.com, checkmail5@example.com,
 checkmail2@example.com, admin@example.com, checkmail3@example.com,
 user12@r12.ru, unknown@example.com, checkmail1@example.com,
 user10@example.com, checkmail4@example.com, 
Date: Tue, 25 Apr 2023 04:57:00 -0000
Message-ID: <168239862006.7792.13814812968817613830@GAMEPC>

--===============2869732698698625992==
Content-Type: text/html; charset="utf-8"
MIME-Version: 1.0
Content-Transfer-Encoding: 8bit

<!DOCTYPE html>
<html lang="en">
  <head>
    <meta charset="UTF-8" />
    <meta name="viewport" content="width=device-width, initial-scale=1.0" />
    <title>Статьи за неделю</title>
  </head>
  <body>
    <h1>Здравствуйте! Новые статьи за последнюю неделю</h1>
    <ul>
      
      <li>
        <a href="http://127.0.0.1:8000//post/new-test/">new Test</a>
        <!-- <a href="http://127.0.0.1:8000//post/new-test/"
          >new Test</a
        > -->
        <!-- new Test -->
      </li>
      
    </ul>
    <!-- <a href="http://127.0.0.1:8000"
      >Перейти на статью</a
    > -->
  </body>
</html>

--===============2869732698698625992==--

-------------------------------------------------------------------------------
