Content-Type: multipart/alternative;
 boundary="===============6584723849904455682=="
MIME-Version: 1.0
Subject: 
 =?utf-8?b?0J3QvtCy0LDRjyDRgdGC0LDRgtGM0Y8g0L7RgiDQsNCy0YLQvtGA0LAgbWFyaWFf?=
 =?utf-8?b?YnJpYw==?=
From: gaidysheff@yandex.ru
To: gaidysheff@mail.ru, [{'email': 'user10@example.com'},
 {'email': 'user10@example.com'}, {'email': 'admin@example.com'},
 {'email': 'user12@r12.ru'}, {'email': 'unknown@example.com'},
 {'email': 'checkmail7@example.com'}, {'email': 'checkmail3@example.com'},
 {'email': 'checkmail5@example.com'}, {'email': 'checkmail4@example.com'},
 {'email': 'checkmail2@example.com'}, {'email': 'checkmail1@example.com'}]
Date: Fri, 21 Apr 2023 09:23:03 -0000
Message-ID: <168206898339.10268.8100487109719813954@HOME_PC>

--===============6584723849904455682==
Content-Type: text/html; charset="utf-8"
MIME-Version: 1.0
Content-Transfer-Encoding: 8bit

<!DOCTYPE html>
<html lang="en">
  <head>
    <meta charset="UTF-8" />
    <meta name="viewport" content="width=device-width, initial-scale=1.0" />
    <title>Новость</title>
  </head>
  <body>
    <h1>
      Новая статья "rtrtret"" от автора maria_bric опубликована
      21 апреля 2023 г. 12:23 в категории "Финансы".
    </h1>
    <p>None</p>

    <p>
      <a href="http://127.0.0.1:8000/post/rtrtret/"
        >Перейти на статью</a
      >
    </p>
  </body>
</html>

--===============6584723849904455682==--

-------------------------------------------------------------------------------
